
<---HY-JHFY: MudOs v22pre11 (by wwj,Jan  1 1999) startup on Microsoft Windows NT at Fri May 03 11:07:11 2019

using config file: C:\Users\thomas\Desktop\江湖\yanhuang\yanhuang\bin\config.ini
*Error in config file.  Missing line:
	save binaries directory 

<---HY-JHFY: MudOs v22pre11 (by wwj,Jan  1 1999) shutdown at Fri May 03 11:07:11 2019




<---HY-JHFY: MudOs v22pre11 (by wwj,Jan  1 1999) startup on Microsoft Windows NT at Fri May 03 11:07:17 2019

using config file: C:\Users\thomas\Desktop\江湖\yanhuang\yanhuang\bin\config.ini
*Error in config file.  Missing line:
	save binaries directory 

<---HY-JHFY: MudOs v22pre11 (by wwj,Jan  1 1999) shutdown at Fri May 03 11:07:17 2019




<---HY-JHFY: MudOs v22pre11 (by wwj,Jan  1 1999) startup on Microsoft Windows NT at Fri May 03 11:07:24 2019

using config file: C:\Users\thomas\Desktop\江湖\yanhuang\yanhuang\bin\config.ini
*Error in config file.  Missing line:
	save binaries directory 

<---HY-JHFY: MudOs v22pre11 (by wwj,Jan  1 1999) shutdown at Fri May 03 11:07:24 2019




<---HY-JHFY: MudOs v22pre11 (by wwj,Jan  1 1999) startup on Microsoft Windows NT at Fri May 03 11:07:41 2019

using config file: C:\Users\thomas\Desktop\江湖\yanhuang\yanhuang\bin\config.ini
*Error in config file.  Missing line:
	save binaries directory 

<---HY-JHFY: MudOs v22pre11 (by wwj,Jan  1 1999) shutdown at Fri May 03 11:07:41 2019



